SmartFarmingAssistant/app/build/intermediates/manifest_merge_blame_file/debug/processDebugMainManifest/manifest-merger-blame-debug-report.txt
1<?xml version="1.0" encoding="utf-8"?>
2<manifest xmlns:android="http://schemas.android.com/apk/res/android"
3    package="com.farmassist.app"
4    android:versionCode="1"
5    android:versionName="1.0" >
6
7    <uses-sdk
8        android:minSdkVersion="26"
9        android:targetSdkVersion="34" />
10
11    <uses-permission android:name="android.permission.CAMERA" />
11-->src\main\AndroidManifest.xml:4:5-65
11-->src\main\AndroidManifest.xml:4:22-62
12
13    <uses-feature
13-->src\main\AndroidManifest.xml:5:5-84
14        android:name="android.hardware.camera"
14-->src\main\AndroidManifest.xml:5:19-57
15        android:required="true" />
15-->src\main\AndroidManifest.xml:5:58-81
16
17    <uses-permission android:name="android.permission.SEND_SMS" />
17-->src\main\AndroidManifest.xml:7:5-67
17-->src\main\AndroidManifest.xml:7:22-64
18
19    <!-- BLE: modern permissions (Android 12+) -->
20    <uses-permission
20-->src\main\AndroidManifest.xml:10:5-120
21        android:name="android.permission.BLUETOOTH_SCAN"
21-->src\main\AndroidManifest.xml:10:22-70
22        android:usesPermissionFlags="neverForLocation" />
22-->src\main\AndroidManifest.xml:10:71-117
23    <uses-permission android:name="android.permission.BLUETOOTH_CONNECT" />
23-->src\main\AndroidManifest.xml:11:5-76
23-->src\main\AndroidManifest.xml:11:22-73
24    <!-- Older devices (<= Android 11) still need classic Bluetooth perms -->
25    <uses-permission
25-->src\main\AndroidManifest.xml:13:5-95
26        android:name="android.permission.BLUETOOTH"
26-->src\main\AndroidManifest.xml:13:22-65
27        android:maxSdkVersion="30" />
27-->src\main\AndroidManifest.xml:13:66-92
28    <uses-permission
28-->src\main\AndroidManifest.xml:14:5-101
29        android:name="android.permission.BLUETOOTH_ADMIN"
29-->src\main\AndroidManifest.xml:14:22-71
30        android:maxSdkVersion="30" />
30-->src\main\AndroidManifest.xml:14:72-98
31    <!-- Required by Android for BLE scanning pre-Android 12, even though we don't use GPS -->
32    <uses-permission
32-->src\main\AndroidManifest.xml:16:5-106
33        android:name="android.permission.ACCESS_FINE_LOCATION"
33-->src\main\AndroidManifest.xml:16:22-76
34        android:maxSdkVersion="30" />
34-->src\main\AndroidManifest.xml:16:77-103
35
36    <uses-feature
36-->src\main\AndroidManifest.xml:17:5-90
37        android:name="android.hardware.bluetooth_le"
37-->src\main\AndroidManifest.xml:17:19-63
38        android:required="true" />
38-->src\main\AndroidManifest.xml:17:64-87
39
40    <!--
41         Only ever used for optional weather sync — every core flow (capture, inference,
42         advisory, sensor read, SMS) must work with this permission absent or airplane mode on.
43    -->
44    <uses-permission android:name="android.permission.INTERNET" />
44-->src\main\AndroidManifest.xml:21:5-67
44-->src\main\AndroidManifest.xml:21:22-64
45    <uses-permission android:name="android.permission.ACCESS_NETWORK_STATE" />
45-->src\main\AndroidManifest.xml:22:5-79
45-->src\main\AndroidManifest.xml:22:22-76
46
47    <permission
47-->[androidx.core:core:1.13.1] AndroidManifest.xml:22:5-24:47
48        android:name="com.farmassist.app.DYNAMIC_RECEIVER_NOT_EXPORTED_PERMISSION"
48-->[androidx.core:core:1.13.1] AndroidManifest.xml:23:9-81
49        android:protectionLevel="signature" />
49-->[androidx.core:core:1.13.1] AndroidManifest.xml:24:9-44
50
51    <uses-permission android:name="com.farmassist.app.DYNAMIC_RECEIVER_NOT_EXPORTED_PERMISSION" />
51-->[androidx.core:core:1.13.1] AndroidManifest.xml:26:5-97
51-->[androidx.core:core:1.13.1] AndroidManifest.xml:26:22-94
52
53    <application
53-->src\main\AndroidManifest.xml:24:5-41:19
54        android:allowBackup="true"
54-->src\main\AndroidManifest.xml:25:9-35
55        android:appComponentFactory="androidx.core.app.CoreComponentFactory"
55-->[androidx.core:core:1.13.1] AndroidManifest.xml:28:18-86
56        android:debuggable="true"
57        android:extractNativeLibs="false"
58        android:icon="@mipmap/ic_launcher"
58-->src\main\AndroidManifest.xml:26:9-43
59        android:label="@string/app_name"
59-->src\main\AndroidManifest.xml:27:9-41
60        android:supportsRtl="true"
60-->src\main\AndroidManifest.xml:28:9-35
61        android:testOnly="true"
62        android:theme="@style/Theme.FarmAssist"
62-->src\main\AndroidManifest.xml:29:9-48
63        android:usesCleartextTraffic="false" >
63-->src\main\AndroidManifest.xml:30:9-45
64        <activity
64-->src\main\AndroidManifest.xml:32:9-40:20
65            android:name="com.farmassist.app.MainActivity"
65-->src\main\AndroidManifest.xml:33:13-41
66            android:exported="true"
66-->src\main\AndroidManifest.xml:34:13-36
67            android:screenOrientation="portrait" >
67-->src\main\AndroidManifest.xml:35:13-49
68            <intent-filter>
68-->src\main\AndroidManifest.xml:36:13-39:29
69                <action android:name="android.intent.action.MAIN" />
69-->src\main\AndroidManifest.xml:37:17-69
69-->src\main\AndroidManifest.xml:37:25-66
70
71                <category android:name="android.intent.category.LAUNCHER" />
71-->src\main\AndroidManifest.xml:38:17-77
71-->src\main\AndroidManifest.xml:38:27-74
72            </intent-filter>
73        </activity>
74
75        <service
75-->[androidx.camera:camera-camera2:1.3.4] AndroidManifest.xml:24:9-33:19
76            android:name="androidx.camera.core.impl.MetadataHolderService"
76-->[androidx.camera:camera-camera2:1.3.4] AndroidManifest.xml:25:13-75
77            android:enabled="false"
77-->[androidx.camera:camera-camera2:1.3.4] AndroidManifest.xml:26:13-36
78            android:exported="false" >
78-->[androidx.camera:camera-camera2:1.3.4] AndroidManifest.xml:27:13-37
79            <meta-data
79-->[androidx.camera:camera-camera2:1.3.4] AndroidManifest.xml:30:13-32:89
80                android:name="androidx.camera.core.impl.MetadataHolderService.DEFAULT_CONFIG_PROVIDER"
80-->[androidx.camera:camera-camera2:1.3.4] AndroidManifest.xml:31:17-103
81                android:value="androidx.camera.camera2.Camera2Config$DefaultProvider" />
81-->[androidx.camera:camera-camera2:1.3.4] AndroidManifest.xml:32:17-86
82        </service>
83
84        <provider
84-->[androidx.emoji2:emoji2:1.3.0] AndroidManifest.xml:24:9-32:20
85            android:name="androidx.startup.InitializationProvider"
85-->[androidx.emoji2:emoji2:1.3.0] AndroidManifest.xml:25:13-67
86            android:authorities="com.farmassist.app.androidx-startup"
86-->[androidx.emoji2:emoji2:1.3.0] AndroidManifest.xml:26:13-68
87            android:exported="false" >
87-->[androidx.emoji2:emoji2:1.3.0] AndroidManifest.xml:27:13-37
88            <meta-data
88-->[androidx.emoji2:emoji2:1.3.0] AndroidManifest.xml:29:13-31:52
89                android:name="androidx.emoji2.text.EmojiCompatInitializer"
89-->[androidx.emoji2:emoji2:1.3.0] AndroidManifest.xml:30:17-75
90                android:value="androidx.startup" />
90-->[androidx.emoji2:emoji2:1.3.0] AndroidManifest.xml:31:17-49
91            <meta-data
91-->[androidx.lifecycle:lifecycle-process:2.8.4] AndroidManifest.xml:29:13-31:52
92                android:name="androidx.lifecycle.ProcessLifecycleInitializer"
92-->[androidx.lifecycle:lifecycle-process:2.8.4] AndroidManifest.xml:30:17-78
93                android:value="androidx.startup" />
93-->[androidx.lifecycle:lifecycle-process:2.8.4] AndroidManifest.xml:31:17-49
94            <meta-data
94-->[androidx.profileinstaller:profileinstaller:1.3.1] AndroidManifest.xml:29:13-31:52
95                android:name="androidx.profileinstaller.ProfileInstallerInitializer"
95-->[androidx.profileinstaller:profileinstaller:1.3.1] AndroidManifest.xml:30:17-85
96                android:value="androidx.startup" />
96-->[androidx.profileinstaller:profileinstaller:1.3.1] AndroidManifest.xml:31:17-49
97        </provider>
98
99        <service
99-->[androidx.room:room-runtime:2.6.1] AndroidManifest.xml:24:9-28:63
100            android:name="androidx.room.MultiInstanceInvalidationService"
100-->[androidx.room:room-runtime:2.6.1] AndroidManifest.xml:25:13-74
101            android:directBootAware="true"
101-->[androidx.room:room-runtime:2.6.1] AndroidManifest.xml:26:13-43
102            android:exported="false" />
102-->[androidx.room:room-runtime:2.6.1] AndroidManifest.xml:27:13-37
103
104        <receiver
104-->[androidx.profileinstaller:profileinstaller:1.3.1] AndroidManifest.xml:34:9-52:20
105            android:name="androidx.profileinstaller.ProfileInstallReceiver"
105-->[androidx.profileinstaller:profileinstaller:1.3.1] AndroidManifest.xml:35:13-76
106            android:directBootAware="false"
106-->[androidx.profileinstaller:profileinstaller:1.3.1] AndroidManifest.xml:36:13-44
107            android:enabled="true"
107-->[androidx.profileinstaller:profileinstaller:1.3.1] AndroidManifest.xml:37:13-35
108            android:exported="true"
108-->[androidx.profileinstaller:profileinstaller:1.3.1] AndroidManifest.xml:38:13-36
109            android:permission="android.permission.DUMP" >
109-->[androidx.profileinstaller:profileinstaller:1.3.1] AndroidManifest.xml:39:13-57
110            <intent-filter>
110-->[androidx.profileinstaller:profileinstaller:1.3.1] AndroidManifest.xml:40:13-42:29
111                <action android:name="androidx.profileinstaller.action.INSTALL_PROFILE" />
111-->[androidx.profileinstaller:profileinstaller:1.3.1] AndroidManifest.xml:41:17-91
111-->[androidx.profileinstaller:profileinstaller:1.3.1] AndroidManifest.xml:41:25-88
112            </intent-filter>
113            <intent-filter>
113-->[androidx.profileinstaller:profileinstaller:1.3.1] AndroidManifest.xml:43:13-45:29
114                <action android:name="androidx.profileinstaller.action.SKIP_FILE" />
114-->[androidx.profileinstaller:profileinstaller:1.3.1] AndroidManifest.xml:44:17-85
114-->[androidx.profileinstaller:profileinstaller:1.3.1] AndroidManifest.xml:44:25-82
115            </intent-filter>
116            <intent-filter>
116-->[androidx.profileinstaller:profileinstaller:1.3.1] AndroidManifest.xml:46:13-48:29
117                <action android:name="androidx.profileinstaller.action.SAVE_PROFILE" />
117-->[androidx.profileinstaller:profileinstaller:1.3.1] AndroidManifest.xml:47:17-88
117-->[androidx.profileinstaller:profileinstaller:1.3.1] AndroidManifest.xml:47:25-85
118            </intent-filter>
119            <intent-filter>
119-->[androidx.profileinstaller:profileinstaller:1.3.1] AndroidManifest.xml:49:13-51:29
120                <action android:name="androidx.profileinstaller.action.BENCHMARK_OPERATION" />
120-->[androidx.profileinstaller:profileinstaller:1.3.1] AndroidManifest.xml:50:17-95
120-->[androidx.profileinstaller:profileinstaller:1.3.1] AndroidManifest.xml:50:25-92
121            </intent-filter>
122        </receiver>
123    </application>
124
125</manifest>